0 info it worked if it ends with ok
1 verbose cli [ 'node', '/usr/local/bin/npm', 'install', '-g', 'less' ]
2 info using npm@1.1.61
3 info using node@v0.8.9
4 verbose read json /usr/local/lib/package.json
5 verbose read json /usr/local/lib/package.json
6 verbose cache add [ 'less', null ]
7 silly cache add name=undefined spec="less" args=["less",null]
8 verbose parsed url { pathname: 'less', path: 'less', href: 'less' }
9 silly lockFile 0b439cf4-less less
10 verbose lock less /Users/eileen_li10648/.npm/0b439cf4-less.lock
11 silly lockFile 0b439cf4-less less
12 verbose addNamed [ 'less', '' ]
13 verbose addNamed [ null, '' ]
14 silly lockFile e13833ab-less less@
15 verbose lock less@ /Users/eileen_li10648/.npm/e13833ab-less.lock
16 silly addNameRange { name: 'less', range: '', hasData: false }
17 verbose url raw less
18 verbose url resolving [ 'https://registry.npmjs.org/', './less' ]
19 verbose url resolved https://registry.npmjs.org/less
20 info trying registry request attempt 1 at 03:10:56
21 verbose etag "YY081YVTTZ48L2GELODQ7VC5"
22 http GET https://registry.npmjs.org/less
23 http 304 https://registry.npmjs.org/less
24 silly registry.get cb [ 304,
24 silly registry.get   { server: 'CouchDB/1.2.1 (Erlang OTP/R15B03)',
24 silly registry.get     etag: '"YY081YVTTZ48L2GELODQ7VC5"',
24 silly registry.get     date: 'Thu, 21 Mar 2013 10:10:57 GMT',
24 silly registry.get     'content-length': '0' } ]
25 verbose etag less from cache
26 silly addNameRange number 2 { name: 'less', range: '', hasData: true }
27 silly addNameRange versions [ 'less',
27 silly addNameRange   [ '1.0.10',
27 silly addNameRange     '1.0.11',
27 silly addNameRange     '1.0.14',
27 silly addNameRange     '1.0.18',
27 silly addNameRange     '1.0.19',
27 silly addNameRange     '1.0.21',
27 silly addNameRange     '1.0.32',
27 silly addNameRange     '1.0.36',
27 silly addNameRange     '1.0.5',
27 silly addNameRange     '1.0.40',
27 silly addNameRange     '1.0.41',
27 silly addNameRange     '1.0.44',
27 silly addNameRange     '1.1.0',
27 silly addNameRange     '1.1.1',
27 silly addNameRange     '1.1.2',
27 silly addNameRange     '1.1.4',
27 silly addNameRange     '1.1.5',
27 silly addNameRange     '1.1.6',
27 silly addNameRange     '1.2.0',
27 silly addNameRange     '1.2.1',
27 silly addNameRange     '1.2.2',
27 silly addNameRange     '1.3.0',
27 silly addNameRange     '1.3.1',
27 silly addNameRange     '1.3.2',
27 silly addNameRange     '1.3.3',
27 silly addNameRange     '1.4.0-b1',
27 silly addNameRange     '1.4.0-b2' ] ]
28 verbose addNamed [ 'less', '1.3.3' ]
29 verbose addNamed [ '1.3.3', '1.3.3' ]
30 silly lockFile fcd40bce-less-1-3-3 less@1.3.3
31 verbose lock less@1.3.3 /Users/eileen_li10648/.npm/fcd40bce-less-1-3-3.lock
32 verbose read json /Users/eileen_li10648/.npm/less/1.3.3/package/package.json
33 silly lockFile fcd40bce-less-1-3-3 less@1.3.3
34 silly lockFile e13833ab-less less@
35 silly resolved [ { name: 'less',
35 silly resolved     description: 'Leaner CSS',
35 silly resolved     homepage: 'http://lesscss.org',
35 silly resolved     keywords: [ 'css', 'parser', 'lesscss', 'browser' ],
35 silly resolved     author: { name: 'Alexis Sellier', email: 'self@cloudhead.net' },
35 silly resolved     contributors: [],
35 silly resolved     version: '1.3.3',
35 silly resolved     bin: { lessc: './bin/lessc' },
35 silly resolved     main: './lib/less/index',
35 silly resolved     directories: { test: './test' },
35 silly resolved     engines: { node: '>=0.4.2' },
35 silly resolved     optionalDependencies: { ycssmin: '>=1.0.1' },
35 silly resolved     devDependencies: { diff: '~1.0' },
35 silly resolved     scripts: { test: 'make test' },
35 silly resolved     bugs: { url: 'https://github.com/cloudhead/less.js/issues' },
35 silly resolved     repository: { type: 'git', url: 'https://github.com/cloudhead/less.js.git' },
35 silly resolved     readme: 'less.js\n=======\n\nThe **dynamic** stylesheet language.\n\n<http://lesscss.org>\n\nabout\n-----\n\nThis is the JavaScript, and now official, stable version of LESS.\n\nFor more information, visit <http://lesscss.org>.\n\nlicense\n-------\n\nSee `LICENSE` file.\n\n> Copyright (c) 2009-2011 Alexis Sellier\n',
35 silly resolved     _id: 'less@1.3.3',
35 silly resolved     dependencies: { ycssmin: '>=1.0.1' },
35 silly resolved     _from: 'less' } ]
36 info install less@1.3.3 into /usr/local/lib
37 info installOne less@1.3.3
38 verbose from cache /Users/eileen_li10648/.npm/less/1.3.3/package/package.json
39 info /usr/local/lib/node_modules/less unbuild
40 verbose read json /usr/local/lib/node_modules/less/package.json
41 verbose tar unpack /Users/eileen_li10648/.npm/less/1.3.3/package.tgz
42 silly lockFile c2213c90-usr-local-lib-node-modules-less /usr/local/lib/node_modules/less
43 verbose lock /usr/local/lib/node_modules/less /Users/eileen_li10648/.npm/c2213c90-usr-local-lib-node-modules-less.lock
44 silly gunzTarPerm modes [ '755', '644' ]
45 error Error: EACCES, mkdir '/usr/local/lib/node_modules/less'
45 error  { [Error: EACCES, mkdir '/usr/local/lib/node_modules/less']
45 error   errno: 3,
45 error   code: 'EACCES',
45 error   path: '/usr/local/lib/node_modules/less',
45 error   fstream_type: 'Directory',
45 error   fstream_path: '/usr/local/lib/node_modules/less',
45 error   fstream_class: 'DirWriter',
45 error   fstream_stack:
45 error    [ 'DirWriter._create (/usr/local/lib/node_modules/npm/node_modules/fstream/lib/dir-writer.js:36:23)',
45 error      '/usr/local/lib/node_modules/npm/node_modules/mkdirp/index.js:37:53',
45 error      'Object.oncomplete (fs.js:297:15)' ] }
46 error Please try running this command again as root/Administrator.
47 error System Darwin 11.4.2
48 error command "node" "/usr/local/bin/npm" "install" "-g" "less"
49 error cwd /Users/eileen_li10648/Documents/Web_Development/ribbit
50 error node -v v0.8.9
51 error npm -v 1.1.61
52 error path /usr/local/lib/node_modules/less
53 error fstream_path /usr/local/lib/node_modules/less
54 error fstream_type Directory
55 error fstream_class DirWriter
56 error code EACCES
57 error errno 3
58 error stack Error: EACCES, mkdir '/usr/local/lib/node_modules/less'
59 error fstream_stack DirWriter._create (/usr/local/lib/node_modules/npm/node_modules/fstream/lib/dir-writer.js:36:23)
59 error fstream_stack /usr/local/lib/node_modules/npm/node_modules/mkdirp/index.js:37:53
59 error fstream_stack Object.oncomplete (fs.js:297:15)
60 verbose exit [ 3, true ]
